<?xml version="1.0" encoding="UTF-8"?>
<testng-results ignored="0" total="1" passed="1" failed="0" skipped="0">
  <reporter-output>
  </reporter-output>
  <suite started-at="2022-12-11T19:10:41 PST" name="Default suite" finished-at="2022-12-11T19:12:16 PST" duration-ms="94808">
    <groups>
    </groups>
    <test started-at="2022-12-11T19:10:41 PST" name="Default test" finished-at="2022-12-11T19:12:16 PST" duration-ms="94808">
      <class name="execution.executeTest">
        <test-method is-config="true" signature="beforeSuite()[pri:0, instance:execution.executeTest@2767e23c]" started-at="2022-12-11T19:10:41 PST" name="beforeSuite" finished-at="2022-12-11T19:10:41 PST" duration-ms="4" status="PASS">
          <reporter-output>
          </reporter-output>
        </test-method> <!-- beforeSuite -->
        <test-method is-config="true" signature="initTest()[pri:0, instance:execution.executeTest@2767e23c]" started-at="2022-12-11T19:10:41 PST" name="initTest" finished-at="2022-12-11T19:10:44 PST" duration-ms="3171" status="PASS">
          <reporter-output>
          </reporter-output>
        </test-method> <!-- initTest -->
        <test-method signature="defaultTest()[pri:0, instance:execution.executeTest@2767e23c]" started-at="2022-12-11T19:10:44 PST" name="defaultTest" finished-at="2022-12-11T19:12:16 PST" duration-ms="91527" status="PASS">
          <reporter-output>
          </reporter-output>
        </test-method> <!-- defaultTest -->
        <test-method is-config="true" signature="tearDown()[pri:0, instance:execution.executeTest@2767e23c]" started-at="2022-12-11T19:12:16 PST" name="tearDown" finished-at="2022-12-11T19:12:16 PST" duration-ms="93" status="PASS">
          <reporter-output>
          </reporter-output>
        </test-method> <!-- tearDown -->
        <test-method is-config="true" signature="afterSuite()[pri:0, instance:execution.executeTest@2767e23c]" started-at="2022-12-11T19:12:16 PST" name="afterSuite" finished-at="2022-12-11T19:12:16 PST" duration-ms="0" status="PASS">
          <reporter-output>
          </reporter-output>
        </test-method> <!-- afterSuite -->
      </class> <!-- execution.executeTest -->
    </test> <!-- Default test -->
  </suite> <!-- Default suite -->
</testng-results>
