<?xml version="1.0" encoding="UTF-8"?>
<testng-results ignored="0" total="1" passed="1" failed="0" skipped="0">
  <reporter-output>
  </reporter-output>
  <suite started-at="2022-12-10T15:49:46 PST" name="Default suite" finished-at="2022-12-10T15:50:04 PST" duration-ms="17499">
    <groups>
    </groups>
    <test started-at="2022-12-10T15:49:46 PST" name="Default test" finished-at="2022-12-10T15:50:04 PST" duration-ms="17499">
      <class name="execution.executeTest">
        <test-method is-config="true" signature="initTest()[pri:0, instance:execution.executeTest@4681c175]" started-at="2022-12-10T15:49:46 PST" name="initTest" finished-at="2022-12-10T15:49:46 PST" duration-ms="855" status="PASS">
          <reporter-output>
          </reporter-output>
        </test-method> <!-- initTest -->
        <test-method signature="defaultTest()[pri:0, instance:execution.executeTest@4681c175]" started-at="2022-12-10T15:49:47 PST" name="defaultTest" finished-at="2022-12-10T15:50:04 PST" duration-ms="17483" status="PASS">
          <reporter-output>
          </reporter-output>
        </test-method> <!-- defaultTest -->
        <test-method is-config="true" signature="tearDown()[pri:0, instance:execution.executeTest@4681c175]" started-at="2022-12-10T15:50:04 PST" name="tearDown" finished-at="2022-12-10T15:50:04 PST" duration-ms="79" status="PASS">
          <reporter-output>
          </reporter-output>
        </test-method> <!-- tearDown -->
      </class> <!-- execution.executeTest -->
    </test> <!-- Default test -->
  </suite> <!-- Default suite -->
</testng-results>
